<?xml version="1.0" encoding="UTF-8" ?>
<testsuite tests="6" failures="6" name="CalculatorTest" time="0.017" errors="0" skipped="0">
  <properties>
[...]
</properties>
  <testcase classname="CalculatorTest" name="CalculatorTest.testAbs_test" time="0.002">
    <failure type="java.lang.NullPointerException">java.lang.NullPointerException
	at CalculatorTest.testAbs_test(CalculatorTest.java:48)
</failure>
  </testcase>
  <testcase classname="CalculatorTest" name="CalculatorTest.testMultiplay" time="0">
    <failure type="java.lang.NullPointerException">java.lang.NullPointerException
	at CalculatorTest.testMultiplay(CalculatorTest.java:21)
</failure>
  </testcase>
  <testcase classname="CalculatorTest" name="CalculatorTest.testPositiveAbs" time="0">
    <failure type="java.lang.NullPointerException">java.lang.NullPointerException
	at CalculatorTest.testPositiveAbs(CalculatorTest.java:38)
</failure>
  </testcase>
  <testcase classname="CalculatorTest" name="CalculatorTest.testNegativeAbs" time="0">
    <failure type="java.lang.NullPointerException">java.lang.NullPointerException
	at CalculatorTest.testNegativeAbs(CalculatorTest.java:43)
</failure>
  </testcase>
  <testcase classname="CalculatorTest" name="CalculatorTest.testDivision" time="0">
    <failure type="java.lang.NullPointerException">java.lang.NullPointerException
	at CalculatorTest.testDivision(CalculatorTest.java:26)
</failure>
  </testcase>
  <testcase classname="CalculatorTest" name="CalculatorTest.testInvalidDivision" time="0.015">
    <failure message="Unexpected exception type thrown ==&gt; expected: &lt;com.martin.DivisionByZeroException&gt; but was: &lt;java.lang.NullPointerException&gt;" type="org.opentest4j.AssertionFailedError">org.opentest4j.AssertionFailedError: Unexpected exception type thrown ==&gt; expected: &lt;com.martin.DivisionByZeroException&gt; but was: &lt;java.lang.NullPointerException&gt;
	at org.junit.jupiter.api.AssertThrows.assertThrows(AssertThrows.java:65)
	at org.junit.jupiter.api.AssertThrows.assertThrows(AssertThrows.java:37)
	at org.junit.jupiter.api.Assertions.assertThrows(Assertions.java:3007)
	at CalculatorTest.testInvalidDivision(CalculatorTest.java:31)
Caused by: java.lang.NullPointerException
	at CalculatorTest.lambda$testInvalidDivision$0(CalculatorTest.java:32)
	at org.junit.jupiter.api.AssertThrows.assertThrows(AssertThrows.java:55)
	... 21 more
</failure>
  </testcase>
</testsuite>