<?xml version="1.0" encoding="UTF-8" ?>
<testsuite tests="6" failures="6" name="CalculatorTest" time="0.017" errors="0" skipped="0">
  <properties>
    <property name="java.runtime.name" value="Java(TM) SE Runtime Environment"/>
    <property name="java.vm.version" value="11.0.16+11-LTS-199"/>
    <property name="sun.boot.library.path" value="C:\Program Files\Java\jdk-11.0.16\bin"/>
    <property name="maven.multiModuleProjectDirectory" value="C:/Users/martin.escudero/Documents/Udemy/Principios_SOLID"/>
    <property name="java.vm.vendor" value="Oracle Corporation"/>
    <property name="java.vendor.url" value="https://openjdk.java.net/"/>
    <property name="guice.disable.misplaced.annotation.check" value="true"/>
    <property name="path.separator" value=";"/>
    <property name="java.vm.name" value="Java HotSpot(TM) 64-Bit Server VM"/>
    <property name="sun.os.patch.level" value=""/>
    <property name="user.script" value=""/>
    <property name="user.country" value="US"/>
    <property name="sun.java.launcher" value="SUN_STANDARD"/>
    <property name="java.vm.specification.name" value="Java Virtual Machine Specification"/>
    <property name="user.dir" value="C:\Users\martin.escudero\Documents\Udemy\Principios_SOLID"/>
    <property name="java.vm.compressedOopsMode" value="Zero based"/>
    <property name="java.runtime.version" value="11.0.16+11-LTS-199"/>
    <property name="java.awt.graphicsenv" value="sun.awt.Win32GraphicsEnvironment"/>
    <property name="os.arch" value="amd64"/>
    <property name="java.io.tmpdir" value="C:\Users\MARTIN~1.ESC\AppData\Local\Temp\"/>
    <property name="line.separator" value="
"/>
    <property name="java.vm.specification.vendor" value="Oracle Corporation"/>
    <property name="user.variant" value=""/>
    <property name="os.name" value="Windows 10"/>
    <property name="classworlds.conf" value="C:/Program Files/Java/apache-maven-3.8.6/bin/m2.conf"/>
    <property name="sun.jnu.encoding" value="Cp1252"/>
    <property name="java.library.path" value="C:\Program Files\Java\jdk-11.0.16\bin;C:\windows\Sun\Java\bin;C:\windows\system32;C:\windows;C:\Program Files\Git\mingw64\bin;C:\Program Files\Git\usr\bin;C:\Users\martin.escudero\bin;C:\Program Files\Common Files\Oracle\Java\javapath;C:\windows\system32;C:\windows;C:\windows\System32\Wbem;C:\windows\System32\WindowsPowerShell\v1.0;C:\windows\System32\OpenSSH;C:\Program Files\Git\cmd;C:\Program Files\Java\jdk-11.0.16\bin;C:\Program Files\Java\apache-maven-3.8.6\bin;C:\Program Files\Docker\Docker\resources\bin;C:\ProgramData\DockerDesktop\version-bin;C:\Program Files (x86)\Groovy\bin;C:\Program Files\TortoiseGit\bin;C:\Users\martin.escudero\AppData\Local\Microsoft\WindowsApps;C:\Users\martin.escudero\AppData\Local\Programs\Microsoft VS Code\bin;C:\Users\martin.escudero\AppData\Local\Programs\Rancher Desktop\resources\resources\win32\bin;C:\Users\martin.escudero\AppData\Local\Programs\Rancher Desktop\resources\resources\linux\bin;."/>
    <property name="maven.conf" value="C:/Program Files/Java/apache-maven-3.8.6/conf"/>
    <property name="jdk.debug" value="release"/>
    <property name="java.class.version" value="55.0"/>
    <property name="java.specification.name" value="Java Platform API Specification"/>
    <property name="sun.management.compiler" value="HotSpot 64-Bit Tiered Compilers"/>
    <property name="os.version" value="10.0"/>
    <property name="library.jansi.path" value="C:/Program Files/Java/apache-maven-3.8.6/lib/jansi-native"/>
    <property name="user.home" value="C:\Users\martin.escudero"/>
    <property name="user.timezone" value="Europe/Paris"/>
    <property name="java.awt.printerjob" value="sun.awt.windows.WPrinterJob"/>
    <property name="file.encoding" value="Cp1252"/>
    <property name="java.specification.version" value="11"/>
    <property name="user.name" value="martin.escudero"/>
    <property name="java.class.path" value="C:/Program Files/Java/apache-maven-3.8.6/boot/plexus-classworlds-2.6.0.jar"/>
    <property name="java.vm.specification.version" value="11"/>
    <property name="sun.arch.data.model" value="64"/>
    <property name="sun.java.command" value="org.codehaus.plexus.classworlds.launcher.Launcher clean install"/>
    <property name="java.home" value="C:\Program Files\Java\jdk-11.0.16"/>
    <property name="user.language" value="en"/>
    <property name="java.specification.vendor" value="Oracle Corporation"/>
    <property name="awt.toolkit" value="sun.awt.windows.WToolkit"/>
    <property name="java.vm.info" value="mixed mode"/>
    <property name="java.version" value="11.0.16"/>
    <property name="java.vendor" value="Oracle Corporation"/>
    <property name="sun.stderr.encoding" value="cp850"/>
    <property name="maven.home" value="C:\Program Files\Java\apache-maven-3.8.6"/>
    <property name="file.separator" value="\"/>
    <property name="java.version.date" value="2022-07-19"/>
    <property name="java.vendor.url.bug" value="https://bugreport.java.com/bugreport/"/>
    <property name="sun.io.unicode.encoding" value="UnicodeLittle"/>
    <property name="sun.cpu.endian" value="little"/>
    <property name="java.vendor.version" value="18.9"/>
    <property name="sun.stdout.encoding" value="cp850"/>
    <property name="sun.desktop" value="windows"/>
    <property name="sun.cpu.isalist" value="amd64"/>
  </properties>
  <testcase classname="CalculatorTest" name="CalculatorTest.testAbs_test" time="0.002">
    <failure type="java.lang.NullPointerException">java.lang.NullPointerException
	at CalculatorTest.testAbs_test(CalculatorTest.java:48)
</failure>
  </testcase>
  <testcase classname="CalculatorTest" name="CalculatorTest.testMultiplay" time="0">
    <failure type="java.lang.NullPointerException">java.lang.NullPointerException
	at CalculatorTest.testMultiplay(CalculatorTest.java:21)
</failure>
  </testcase>
  <testcase classname="CalculatorTest" name="CalculatorTest.testPositiveAbs" time="0">
    <failure type="java.lang.NullPointerException">java.lang.NullPointerException
	at CalculatorTest.testPositiveAbs(CalculatorTest.java:38)
</failure>
  </testcase>
  <testcase classname="CalculatorTest" name="CalculatorTest.testNegativeAbs" time="0">
    <failure type="java.lang.NullPointerException">java.lang.NullPointerException
	at CalculatorTest.testNegativeAbs(CalculatorTest.java:43)
</failure>
  </testcase>
  <testcase classname="CalculatorTest" name="CalculatorTest.testDivision" time="0">
    <failure type="java.lang.NullPointerException">java.lang.NullPointerException
	at CalculatorTest.testDivision(CalculatorTest.java:26)
</failure>
  </testcase>
  <testcase classname="CalculatorTest" name="CalculatorTest.testInvalidDivision" time="0.015">
    <failure message="Unexpected exception type thrown ==&gt; expected: &lt;com.martin.DivisionByZeroException&gt; but was: &lt;java.lang.NullPointerException&gt;" type="org.opentest4j.AssertionFailedError">org.opentest4j.AssertionFailedError: Unexpected exception type thrown ==&gt; expected: &lt;com.martin.DivisionByZeroException&gt; but was: &lt;java.lang.NullPointerException&gt;
	at org.junit.jupiter.api.AssertThrows.assertThrows(AssertThrows.java:65)
	at org.junit.jupiter.api.AssertThrows.assertThrows(AssertThrows.java:37)
	at org.junit.jupiter.api.Assertions.assertThrows(Assertions.java:3007)
	at CalculatorTest.testInvalidDivision(CalculatorTest.java:31)
Caused by: java.lang.NullPointerException
	at CalculatorTest.lambda$testInvalidDivision$0(CalculatorTest.java:32)
	at org.junit.jupiter.api.AssertThrows.assertThrows(AssertThrows.java:55)
	... 21 more
</failure>
  </testcase>
</testsuite>